[INFO] Scanning for projects...
[INFO] 
[INFO] -----------------------< com.enzium:smarttrack >------------------------
[INFO] Building smarttrack 1.0.0-SNAPSHOT
[INFO]   from pom.xml
[INFO] --------------------------------[ jar ]---------------------------------
[INFO] 
[INFO] --- quarkus:3.14.2:dev (default-cli) @ smarttrack ---
[INFO] Invoking resources:3.3.1:resources (default-resources) @ smarttrack
[INFO] Copying 2 resources from src/main/resources to target/classes
[INFO] Invoking compiler:3.13.0:compile (default-compile) @ smarttrack
[INFO] Nothing to compile - all classes are up to date.
[INFO] Invoking kotlin:2.0.10:compile (compile) @ smarttrack
[INFO] Applied plugin: 'all-open'
[INFO] Invoking resources:3.3.1:testResources (default-testResources) @ smarttrack
[INFO] skip non existing resourceDirectory /Users/younesezzarouali/dev/smarttrackk/smarttrack/src/test/resources
[INFO] Invoking compiler:3.13.0:testCompile (default-testCompile) @ smarttrack
[INFO] Recompiling the module because of changed dependency.
[INFO] Invoking kotlin:2.0.10:test-compile (test-compile) @ smarttrack
[INFO] Applied plugin: 'all-open'
Listening for transport dt_socket at address: 5005
Press [e] to edit command line args (currently ''), [h] for more options>
Tests paused
Press [e] to edit command line args (currently ''), [r] to resume testing, [h] for more options>
Press [e] to edit command line args (currently ''), [r] to resume testing, [o] Toggle test output, [h] for more options>
2026-03-02 15:41:21,901 INFO  [io.qua.ama.lam.run.MockEventServer] (build-22) Mock Lambda Event Server Started
2026-03-02 15:41:22,342 INFO  [org.tes.DockerClientFactory] (build-4) Testcontainers version: 1.20.1
2026-03-02 15:41:22,463 INFO  [org.tes.doc.DockerClientProviderStrategy] (build-4) Loaded org.testcontainers.dockerclient.UnixSocketClientProviderStrategy from ~/.testcontainers.properties, will try it first
