[INFO] Scanning for projects...
[INFO] 
[INFO] -----------------------< com.enzium:smarttrack >------------------------
[INFO] Building smarttrack 1.0.0-SNAPSHOT
[INFO]   from pom.xml
[INFO] --------------------------------[ jar ]---------------------------------
[INFO] 
[INFO] --- quarkus:3.14.2:dev (default-cli) @ smarttrack ---
[INFO] Invoking resources:3.3.1:resources (default-resources) @ smarttrack
[INFO] Copying 2 resources from src/main/resources to target/classes
[INFO] Invoking compiler:3.13.0:compile (default-compile) @ smarttrack
[INFO] Nothing to compile - all classes are up to date.
[INFO] Invoking kotlin:2.0.10:compile (compile) @ smarttrack
[INFO] Applied plugin: 'all-open'
[ERROR] /Users/younesezzarouali/dev/smarttrackk/smarttrack/src/main/kotlin/com/enzium/smarttrack/repositories/InMemoryRepository.kt: (12, 87) No parameter with name 'findIfMissing' found.
[INFO] ------------------------------------------------------------------------
[INFO] BUILD FAILURE
[INFO] ------------------------------------------------------------------------
[INFO] Total time:  12.317 s
[INFO] Finished at: 2026-03-02T15:16:37+01:00
[INFO] ------------------------------------------------------------------------
[ERROR] Failed to execute goal io.quarkus.platform:quarkus-maven-plugin:3.14.2:dev (default-cli) on project smarttrack: Unable to execute mojo: Compilation failure
[ERROR] /Users/younesezzarouali/dev/smarttrackk/smarttrack/src/main/kotlin/com/enzium/smarttrack/repositories/InMemoryRepository.kt:[12,87] No parameter with name 'findIfMissing' found.
[ERROR] -> [Help 1]
[ERROR] 
[ERROR] To see the full stack trace of the errors, re-run Maven with the -e switch.
[ERROR] Re-run Maven using the -X switch to enable full debug logging.
[ERROR] 
[ERROR] For more information about the errors and possible solutions, please read the following articles:
[ERROR] [Help 1] http://cwiki.apache.org/confluence/display/MAVEN/MojoExecutionException
